

Microchip Technology PIC LITE Macro Assembler V1.33 build 59893 
                                                                                               Sat Oct 25 18:00:37 2014

Microchip Technology Omniscient Code Generator (Lite mode) build 59893
     1                           	processor	16LF1783
     2                           	opt	pw 120
     3                           	opt	lm
     4                           	psect	text0,local,class=CODE,merge=1,delta=2
     5                           	psect	cinit,global,class=CODE,merge=1,delta=2
     6                           	psect	bssCOMMON,global,class=COMMON,space=1,delta=1
     7                           	psect	bssBANK0,global,class=BANK0,space=1,delta=1
     8                           	psect	clrtext,global,class=CODE,delta=2
     9                           	psect	cstackCOMMON,global,class=COMMON,space=1,delta=1
    10                           	psect	cstackBANK0,global,class=BANK0,space=1,delta=1
    11                           	psect	maintext,global,class=CODE,merge=1,split=1,delta=2
    12                           	psect	text1,local,class=CODE,merge=1,delta=2
    13                           	psect	text2,local,class=CODE,merge=1,delta=2
    14                           	psect	text3,local,class=CODE,merge=1,delta=2
    15                           	psect	text4,local,class=CODE,merge=1,delta=2
    16                           	psect	text5,local,class=CODE,merge=1,delta=2
    17                           	psect	text6,local,class=CODE,merge=1,delta=2
    18                           	psect	text7,local,class=CODE,merge=1,delta=2
    19                           	psect	text8,local,class=CODE,merge=1,delta=2
    20                           	psect	intentry,global,class=CODE,delta=2
    21                           	psect	text10,local,class=CODE,merge=1,delta=2
    22                           	dabs	1,0x7E,2
    23  0000                     	;# 
    24  0001                     	;# 
    25  0002                     	;# 
    26  0003                     	;# 
    27  0004                     	;# 
    28  0005                     	;# 
    29  0006                     	;# 
    30  0007                     	;# 
    31  0008                     	;# 
    32  0009                     	;# 
    33  000A                     	;# 
    34  000B                     	;# 
    35  000C                     	;# 
    36  000D                     	;# 
    37  000E                     	;# 
    38  0010                     	;# 
    39  0011                     	;# 
    40  0012                     	;# 
    41  0014                     	;# 
    42  0015                     	;# 
    43  0016                     	;# 
    44  0016                     	;# 
    45  0017                     	;# 
    46  0018                     	;# 
    47  0019                     	;# 
    48  001A                     	;# 
    49  001B                     	;# 
    50  001C                     	;# 
    51  008C                     	;# 
    52  008D                     	;# 
    53  008E                     	;# 
    54  0090                     	;# 
    55  0091                     	;# 
    56  0092                     	;# 
    57  0094                     	;# 
    58  0095                     	;# 
    59  0096                     	;# 
    60  0097                     	;# 
    61  0098                     	;# 
    62  0099                     	;# 
    63  009A                     	;# 
    64  009B                     	;# 
    65  009B                     	;# 
    66  009C                     	;# 
    67  009D                     	;# 
    68  009E                     	;# 
    69  009F                     	;# 
    70  010C                     	;# 
    71  010D                     	;# 
    72  010E                     	;# 
    73  0111                     	;# 
    74  0112                     	;# 
    75  0113                     	;# 
    76  0114                     	;# 
    77  0115                     	;# 
    78  0116                     	;# 
    79  0117                     	;# 
    80  0118                     	;# 
    81  0119                     	;# 
    82  011D                     	;# 
    83  011D                     	;# 
    84  011E                     	;# 
    85  011F                     	;# 
    86  018C                     	;# 
    87  018D                     	;# 
    88  0191                     	;# 
    89  0191                     	;# 
    90  0192                     	;# 
    91  0193                     	;# 
    92  0193                     	;# 
    93  0193                     	;# 
    94  0194                     	;# 
    95  0195                     	;# 
    96  0196                     	;# 
    97  0199                     	;# 
    98  0199                     	;# 
    99  0199                     	;# 
   100  019A                     	;# 
   101  019A                     	;# 
   102  019A                     	;# 
   103  019B                     	;# 
   104  019B                     	;# 
   105  019B                     	;# 
   106  019B                     	;# 
   107  019B                     	;# 
   108  019C                     	;# 
   109  019C                     	;# 
   110  019C                     	;# 
   111  019D                     	;# 
   112  019D                     	;# 
   113  019D                     	;# 
   114  019E                     	;# 
   115  019E                     	;# 
   116  019E                     	;# 
   117  019F                     	;# 
   118  019F                     	;# 
   119  019F                     	;# 
   120  019F                     	;# 
   121  019F                     	;# 
   122  020C                     	;# 
   123  020D                     	;# 
   124  020E                     	;# 
   125  0210                     	;# 
   126  0211                     	;# 
   127  0211                     	;# 
   128  0212                     	;# 
   129  0212                     	;# 
   130  0213                     	;# 
   131  0213                     	;# 
   132  0214                     	;# 
   133  0214                     	;# 
   134  0215                     	;# 
   135  0215                     	;# 
   136  0215                     	;# 
   137  0216                     	;# 
   138  0216                     	;# 
   139  0217                     	;# 
   140  0217                     	;# 
   141  028C                     	;# 
   142  028D                     	;# 
   143  028E                     	;# 
   144  0291                     	;# 
   145  0291                     	;# 
   146  0292                     	;# 
   147  0293                     	;# 
   148  0298                     	;# 
   149  0298                     	;# 
   150  0299                     	;# 
   151  029A                     	;# 
   152  030C                     	;# 
   153  030D                     	;# 
   154  030E                     	;# 
   155  038C                     	;# 
   156  038D                     	;# 
   157  038E                     	;# 
   158  0390                     	;# 
   159  0391                     	;# 
   160  0392                     	;# 
   161  0393                     	;# 
   162  0394                     	;# 
   163  0395                     	;# 
   164  0396                     	;# 
   165  0397                     	;# 
   166  0398                     	;# 
   167  0399                     	;# 
   168  039D                     	;# 
   169  039E                     	;# 
   170  039F                     	;# 
   171  0511                     	;# 
   172  0513                     	;# 
   173  051A                     	;# 
   174  0811                     	;# 
   175  0812                     	;# 
   176  0813                     	;# 
   177  0814                     	;# 
   178  0815                     	;# 
   179  0816                     	;# 
   180  0817                     	;# 
   181  0818                     	;# 
   182  0819                     	;# 
   183  081A                     	;# 
   184  081B                     	;# 
   185  081C                     	;# 
   186  081D                     	;# 
   187  081E                     	;# 
   188  081F                     	;# 
   189  0820                     	;# 
   190  0821                     	;# 
   191  0821                     	;# 
   192  0822                     	;# 
   193  0823                     	;# 
   194  0823                     	;# 
   195  0824                     	;# 
   196  0825                     	;# 
   197  0825                     	;# 
   198  0826                     	;# 
   199  0827                     	;# 
   200  0827                     	;# 
   201  0828                     	;# 
   202  0829                     	;# 
   203  082A                     	;# 
   204  082B                     	;# 
   205  082C                     	;# 
   206  082D                     	;# 
   207  082E                     	;# 
   208  082F                     	;# 
   209  0831                     	;# 
   210  0832                     	;# 
   211  0833                     	;# 
   212  0834                     	;# 
   213  0835                     	;# 
   214  0836                     	;# 
   215  0837                     	;# 
   216  0838                     	;# 
   217  0839                     	;# 
   218  083A                     	;# 
   219  083B                     	;# 
   220  083C                     	;# 
   221  083D                     	;# 
   222  083E                     	;# 
   223  083F                     	;# 
   224  0840                     	;# 
   225  0841                     	;# 
   226  0841                     	;# 
   227  0842                     	;# 
   228  0843                     	;# 
   229  0843                     	;# 
   230  0844                     	;# 
   231  0845                     	;# 
   232  0845                     	;# 
   233  0846                     	;# 
   234  0847                     	;# 
   235  0847                     	;# 
   236  0848                     	;# 
   237  0849                     	;# 
   238  084A                     	;# 
   239  084B                     	;# 
   240  084C                     	;# 
   241  084D                     	;# 
   242  084E                     	;# 
   243  084F                     	;# 
   244  0FE4                     	;# 
   245  0FE5                     	;# 
   246  0FE6                     	;# 
   247  0FE7                     	;# 
   248  0FE8                     	;# 
   249  0FE9                     	;# 
   250  0FEA                     	;# 
   251  0FEB                     	;# 
   252  0FED                     	;# 
   253  0FEE                     	;# 
   254  0FEF                     	;# 
   255  0000                     	;# 
   256  0001                     	;# 
   257  0002                     	;# 
   258  0003                     	;# 
   259  0004                     	;# 
   260  0005                     	;# 
   261  0006                     	;# 
   262  0007                     	;# 
   263  0008                     	;# 
   264  0009                     	;# 
   265  000A                     	;# 
   266  000B                     	;# 
   267  000C                     	;# 
   268  000D                     	;# 
   269  000E                     	;# 
   270  0010                     	;# 
   271  0011                     	;# 
   272  0012                     	;# 
   273  0014                     	;# 
   274  0015                     	;# 
   275  0016                     	;# 
   276  0016                     	;# 
   277  0017                     	;# 
   278  0018                     	;# 
   279  0019                     	;# 
   280  001A                     	;# 
   281  001B                     	;# 
   282  001C                     	;# 
   283  008C                     	;# 
   284  008D                     	;# 
   285  008E                     	;# 
   286  0090                     	;# 
   287  0091                     	;# 
   288  0092                     	;# 
   289  0094                     	;# 
   290  0095                     	;# 
   291  0096                     	;# 
   292  0097                     	;# 
   293  0098                     	;# 
   294  0099                     	;# 
   295  009A                     	;# 
   296  009B                     	;# 
   297  009B                     	;# 
   298  009C                     	;# 
   299  009D                     	;# 
   300  009E                     	;# 
   301  009F                     	;# 
   302  010C                     	;# 
   303  010D                     	;# 
   304  010E                     	;# 
   305  0111                     	;# 
   306  0112                     	;# 
   307  0113                     	;# 
   308  0114                     	;# 
   309  0115                     	;# 
   310  0116                     	;# 
   311  0117                     	;# 
   312  0118                     	;# 
   313  0119                     	;# 
   314  011D                     	;# 
   315  011D                     	;# 
   316  011E                     	;# 
   317  011F                     	;# 
   318  018C                     	;# 
   319  018D                     	;# 
   320  0191                     	;# 
   321  0191                     	;# 
   322  0192                     	;# 
   323  0193                     	;# 
   324  0193                     	;# 
   325  0193                     	;# 
   326  0194                     	;# 
   327  0195                     	;# 
   328  0196                     	;# 
   329  0197                     	;# 
   330  0199                     	;# 
   331  0199                     	;# 
   332  0199                     	;# 
   333  019A                     	;# 
   334  019A                     	;# 
   335  019A                     	;# 
   336  019B                     	;# 
   337  019B                     	;# 
   338  019B                     	;# 
   339  019B                     	;# 
   340  019B                     	;# 
   341  019C                     	;# 
   342  019C                     	;# 
   343  019C                     	;# 
   344  019D                     	;# 
   345  019D                     	;# 
   346  019D                     	;# 
   347  019E                     	;# 
   348  019E                     	;# 
   349  019E                     	;# 
   350  019F                     	;# 
   351  019F                     	;# 
   352  019F                     	;# 
   353  019F                     	;# 
   354  019F                     	;# 
   355  020C                     	;# 
   356  020D                     	;# 
   357  020E                     	;# 
   358  0210                     	;# 
   359  0211                     	;# 
   360  0211                     	;# 
   361  0212                     	;# 
   362  0212                     	;# 
   363  0213                     	;# 
   364  0213                     	;# 
   365  0214                     	;# 
   366  0214                     	;# 
   367  0215                     	;# 
   368  0215                     	;# 
   369  0215                     	;# 
   370  0216                     	;# 
   371  0216                     	;# 
   372  0217                     	;# 
   373  0217                     	;# 
   374  028C                     	;# 
   375  028D                     	;# 
   376  028E                     	;# 
   377  0291                     	;# 
   378  0291                     	;# 
   379  0292                     	;# 
   380  0293                     	;# 
   381  0298                     	;# 
   382  0298                     	;# 
   383  0299                     	;# 
   384  029A                     	;# 
   385  030C                     	;# 
   386  030D                     	;# 
   387  030E                     	;# 
   388  038C                     	;# 
   389  038D                     	;# 
   390  038E                     	;# 
   391  0390                     	;# 
   392  0391                     	;# 
   393  0392                     	;# 
   394  0393                     	;# 
   395  0394                     	;# 
   396  0395                     	;# 
   397  0396                     	;# 
   398  0397                     	;# 
   399  0398                     	;# 
   400  0399                     	;# 
   401  039D                     	;# 
   402  039E                     	;# 
   403  039F                     	;# 
   404  0511                     	;# 
   405  0513                     	;# 
   406  051A                     	;# 
   407  0811                     	;# 
   408  0812                     	;# 
   409  0813                     	;# 
   410  0814                     	;# 
   411  0815                     	;# 
   412  0816                     	;# 
   413  0817                     	;# 
   414  0818                     	;# 
   415  0819                     	;# 
   416  081A                     	;# 
   417  081B                     	;# 
   418  081C                     	;# 
   419  081D                     	;# 
   420  081E                     	;# 
   421  081F                     	;# 
   422  0820                     	;# 
   423  0821                     	;# 
   424  0821                     	;# 
   425  0822                     	;# 
   426  0823                     	;# 
   427  0823                     	;# 
   428  0824                     	;# 
   429  0825                     	;# 
   430  0825                     	;# 
   431  0826                     	;# 
   432  0827                     	;# 
   433  0827                     	;# 
   434  0828                     	;# 
   435  0829                     	;# 
   436  082A                     	;# 
   437  082B                     	;# 
   438  082C                     	;# 
   439  082D                     	;# 
   440  082E                     	;# 
   441  082F                     	;# 
   442  0831                     	;# 
   443  0832                     	;# 
   444  0833                     	;# 
   445  0834                     	;# 
   446  0835                     	;# 
   447  0836                     	;# 
   448  0837                     	;# 
   449  0838                     	;# 
   450  0839                     	;# 
   451  083A                     	;# 
   452  083B                     	;# 
   453  083C                     	;# 
   454  083D                     	;# 
   455  083E                     	;# 
   456  083F                     	;# 
   457  0840                     	;# 
   458  0841                     	;# 
   459  0841                     	;# 
   460  0842                     	;# 
   461  0843                     	;# 
   462  0843                     	;# 
   463  0844                     	;# 
   464  0845                     	;# 
   465  0845                     	;# 
   466  0846                     	;# 
   467  0847                     	;# 
   468  0847                     	;# 
   469  0848                     	;# 
   470  0849                     	;# 
   471  084A                     	;# 
   472  084B                     	;# 
   473  084C                     	;# 
   474  084D                     	;# 
   475  084E                     	;# 
   476  084F                     	;# 
   477  0FE4                     	;# 
   478  0FE5                     	;# 
   479  0FE6                     	;# 
   480  0FE7                     	;# 
   481  0FE8                     	;# 
   482  0FE9                     	;# 
   483  0FEA                     	;# 
   484  0FEB                     	;# 
   485  0FED                     	;# 
   486  0FEE                     	;# 
   487  0FEF                     	;# 
   488  0000                     	;# 
   489  0001                     	;# 
   490  0002                     	;# 
   491  0003                     	;# 
   492  0004                     	;# 
   493  0005                     	;# 
   494  0006                     	;# 
   495  0007                     	;# 
   496  0008                     	;# 
   497  0009                     	;# 
   498  000A                     	;# 
   499  000B                     	;# 
   500  000C                     	;# 
   501  000D                     	;# 
   502  000E                     	;# 
   503  0010                     	;# 
   504  0011                     	;# 
   505  0012                     	;# 
   506  0014                     	;# 
   507  0015                     	;# 
   508  0016                     	;# 
   509  0016                     	;# 
   510  0017                     	;# 
   511  0018                     	;# 
   512  0019                     	;# 
   513  001A                     	;# 
   514  001B                     	;# 
   515  001C                     	;# 
   516  008C                     	;# 
   517  008D                     	;# 
   518  008E                     	;# 
   519  0090                     	;# 
   520  0091                     	;# 
   521  0092                     	;# 
   522  0094                     	;# 
   523  0095                     	;# 
   524  0096                     	;# 
   525  0097                     	;# 
   526  0098                     	;# 
   527  0099                     	;# 
   528  009A                     	;# 
   529  009B                     	;# 
   530  009B                     	;# 
   531  009C                     	;# 
   532  009D                     	;# 
   533  009E                     	;# 
   534  009F                     	;# 
   535  010C                     	;# 
   536  010D                     	;# 
   537  010E                     	;# 
   538  0111                     	;# 
   539  0112                     	;# 
   540  0113                     	;# 
   541  0114                     	;# 
   542  0115                     	;# 
   543  0116                     	;# 
   544  0117                     	;# 
   545  0118                     	;# 
   546  0119                     	;# 
   547  011D                     	;# 
   548  011D                     	;# 
   549  011E                     	;# 
   550  011F                     	;# 
   551  018C                     	;# 
   552  018D                     	;# 
   553  0191                     	;# 
   554  0191                     	;# 
   555  0192                     	;# 
   556  0193                     	;# 
   557  0193                     	;# 
   558  0193                     	;# 
   559  0194                     	;# 
   560  0195                     	;# 
   561  0196                     	;# 
   562  0199                     	;# 
   563  0199                     	;# 
   564  0199                     	;# 
   565  019A                     	;# 
   566  019A                     	;# 
   567  019A                     	;# 
   568  019B                     	;# 
   569  019B                     	;# 
   570  019B                     	;# 
   571  019B                     	;# 
   572  019B                     	;# 
   573  019C                     	;# 
   574  019C                     	;# 
   575  019C                     	;# 
   576  019D                     	;# 
   577  019D                     	;# 
   578  019D                     	;# 
   579  019E                     	;# 
   580  019E                     	;# 
   581  019E                     	;# 
   582  019F                     	;# 
   583  019F                     	;# 
   584  019F                     	;# 
   585  019F                     	;# 
   586  019F                     	;# 
   587  020C                     	;# 
   588  020D                     	;# 
   589  020E                     	;# 
   590  0210                     	;# 
   591  0211                     	;# 
   592  0211                     	;# 
   593  0212                     	;# 
   594  0212                     	;# 
   595  0213                     	;# 
   596  0213                     	;# 
   597  0214                     	;# 
   598  0214                     	;# 
   599  0215                     	;# 
   600  0215                     	;# 
   601  0215                     	;# 
   602  0216                     	;# 
   603  0216                     	;# 
   604  0217                     	;# 
   605  0217                     	;# 
   606  028C                     	;# 
   607  028D                     	;# 
   608  028E                     	;# 
   609  0291                     	;# 
   610  0291                     	;# 
   611  0292                     	;# 
   612  0293                     	;# 
   613  0298                     	;# 
   614  0298                     	;# 
   615  0299                     	;# 
   616  029A                     	;# 
   617  030C                     	;# 
   618  030D                     	;# 
   619  030E                     	;# 
   620  038C                     	;# 
   621  038D                     	;# 
   622  038E                     	;# 
   623  0390                     	;# 
   624  0391                     	;# 
   625  0392                     	;# 
   626  0393                     	;# 
   627  0394                     	;# 
   628  0395                     	;# 
   629  0396                     	;# 
   630  0397                     	;# 
   631  0398                     	;# 
   632  0399                     	;# 
   633  039D                     	;# 
   634  039E                     	;# 
   635  039F                     	;# 
   636  0511                     	;# 
   637  0513                     	;# 
   638  051A                     	;# 
   639  0811                     	;# 
   640  0812                     	;# 
   641  0813                     	;# 
   642  0814                     	;# 
   643  0815                     	;# 
   644  0816                     	;# 
   645  0817                     	;# 
   646  0818                     	;# 
   647  0819                     	;# 
   648  081A                     	;# 
   649  081B                     	;# 
   650  081C                     	;# 
   651  081D                     	;# 
   652  081E                     	;# 
   653  081F                     	;# 
   654  0820                     	;# 
   655  0821                     	;# 
   656  0821                     	;# 
   657  0822                     	;# 
   658  0823                     	;# 
   659  0823                     	;# 
   660  0824                     	;# 
   661  0825                     	;# 
   662  0825                     	;# 
   663  0826                     	;# 
   664  0827                     	;# 
   665  0827                     	;# 
   666  0828                     	;# 
   667  0829                     	;# 
   668  082A                     	;# 
   669  082B                     	;# 
   670  082C                     	;# 
   671  082D                     	;# 
   672  082E                     	;# 
   673  082F                     	;# 
   674  0831                     	;# 
   675  0832                     	;# 
   676  0833                     	;# 
   677  0834                     	;# 
   678  0835                     	;# 
   679  0836                     	;# 
   680  0837                     	;# 
   681  0838                     	;# 
   682  0839                     	;# 
   683  083A                     	;# 
   684  083B                     	;# 
   685  083C                     	;# 
   686  083D                     	;# 
   687  083E                     	;# 
   688  083F                     	;# 
   689  0840                     	;# 
   690  0841                     	;# 
   691  0841                     	;# 
   692  0842                     	;# 
   693  0843                     	;# 
   694  0843                     	;# 
   695  0844                     	;# 
   696  0845                     	;# 
   697  0845                     	;# 
   698  0846                     	;# 
   699  0847                     	;# 
   700  0847                     	;# 
   701  0848                     	;# 
   702  0849                     	;# 
   703  084A                     	;# 
   704  084B                     	;# 
   705  084C                     	;# 
   706  084D                     	;# 
   707  084E                     	;# 
   708  084F                     	;# 
   709  0FE4                     	;# 
   710  0FE5                     	;# 
   711  0FE6                     	;# 
   712  0FE7                     	;# 
   713  0FE8                     	;# 
   714  0FE9                     	;# 
   715  0FEA                     	;# 
   716  0FEB                     	;# 
   717  0FED                     	;# 
   718  0FEE                     	;# 
   719  0FEF                     	;# 
   720  000B                     _INTCONbits	set	11
   721  0011                     _PIR1bits	set	17
   722  000C                     _PORTAbits	set	12
   723  000D                     _PORTBbits	set	13
   724  000E                     _PORTCbits	set	14
   725  0015                     _TMR0	set	21
   726  005F                     _GIE	set	95
   727  005E                     _PEIE	set	94
   728  005D                     _TMR0IE	set	93
   729  005A                     _TMR0IF	set	90
   730  0099                     _OSCCONbits	set	153
   731  008C                     _TRISAbits	set	140
   732  008D                     _TRISBbits	set	141
   733  008E                     _TRISCbits	set	142
   734  0097                     _WDTCONbits	set	151
   735  04AB                     _PSA	set	1195
   736  04AD                     _TMR0CS	set	1197
   737  0118                     _DACCON0bits	set	280
   738  0119                     _DACCON1	set	281
   739  0872                     _LATC2	set	2162
   740  0211                     _SSPBUF	set	529
   741  0215                     _SSPCON1bits	set	533
   742  0214                     _SSPSTATbits	set	532
   743  0393                     _IOCAF	set	915
   744  0393                     _IOCAFbits	set	915
   745  0391                     _IOCAPbits	set	913
   746  0511                     _OPA1CONbits	set	1297
   747                           
   748                           	psect	text0
   749  0000                     __ptext0:	
   750                           ; #config settings
   751                           
   752                           
   753                           ;psect for function _ReadBuffer
   754  0000                     
   755                           	psect	cinit
   756  0032                     start_initialization:	
   757  0032                     __initialization:	
   758                           
   759                           ; Clear objects allocated to COMMON
   760  0032  01F0               	clrf	__pbssCOMMON& (0+127)
   761  0033  01F1               	clrf	(__pbssCOMMON+1)& (0+127)
   762  0034  01F2               	clrf	(__pbssCOMMON+2)& (0+127)
   763  0035  01F3               	clrf	(__pbssCOMMON+3)& (0+127)
   764  0036  01F4               	clrf	(__pbssCOMMON+4)& (0+127)
   765                           
   766                           ; Clear objects allocated to BANK0
   767  0037  3020               	movlw	low __pbssBANK0
   768  0038  0084               	movwf	4
   769  0039  3000               	movlw	high __pbssBANK0
   770  003A  0085               	movwf	5
   771  003B  3036               	movlw	54
   772  003C  3181  2136         	fcall	clear_ram0
   773  003E                     end_of_initialization:	
   774                           ;End of C runtime variable initialization code
   775                           
   776  003E                     __end_of__initialization:	
   777  003E  107E               	bcf	pic14e$flags,0	;clear compiler interrupt flag
   778  003F  0020               	movlb	0
   779  0040  3180  2842         	ljmp	_main	;jump to C main() function
   780                           
   781                           	psect	bssCOMMON
   782  0070                     __pbssCOMMON:	
   783  0070                     _end:	
   784  0070                     	ds	2
   785  0072                     _start:	
   786  0072                     	ds	2
   787  0074                     _transmitFlag:	
   788  0074                     	ds	1
   789                           
   790                           	psect	bssBANK0
   791  0020                     __pbssBANK0:	
   792  0020                     _buffer:	
   793  0020                     	ds	51
   794  0053                     _playbackFlag:	
   795  0053                     	ds	2
   796  0055                     _dacOutputFlag:	
   797  0055                     	ds	1
   798                           
   799                           	psect	clrtext
   800  0136                     clear_ram0:	
   801                           ;	Called with FSR0 containing the base address, and
   802                           ;	WREG with the size to clear
   803                           
   804  0136  0064               	clrwdt	;clear the watchdog before getting into this loop
   805  0137                     clrloop0:	
   806  0137  0180               	clrf	0	;clear RAM location pointed to by FSR
   807  0138  3101               	addfsr 0,1
   808  0139  0B89               	decfsz	9,f	;Have we reached the end of clearing yet?
   809  013A  2937               	goto	clrloop0	;have we reached the end yet?
   810  013B  3400               	retlw	0	;all done for this memory range, return
   811                           
   812                           	psect	cstackCOMMON
   813  0075                     __pcstackCOMMON:	
   814  0075                     ?_WriteBuffer:	
   815  0075                     ?_InitCLK:	
   816                           ; 0 bytes @ 0x0
   817                           
   818  0075                     ?_InitGPIO:	
   819                           ; 0 bytes @ 0x0
   820                           
   821  0075                     ?_InitDAC:	
   822                           ; 0 bytes @ 0x0
   823                           
   824  0075                     ?_InitSPI:	
   825                           ; 0 bytes @ 0x0
   826                           
   827  0075                     ?_InitTimer0:	
   828                           ; 0 bytes @ 0x0
   829                           
   830  0075                     ?_InitWatchdog:	
   831                           ; 0 bytes @ 0x0
   832                           
   833  0075                     ??_ReadBuffer:	
   834                           ; 0 bytes @ 0x0
   835                           
   836  0075                     ?_isr:	
   837                           ; 0 bytes @ 0x0
   838                           
   839  0075                     ?_ReadBuffer:	
   840                           ; 0 bytes @ 0x0
   841                           
   842                           
   843                           ; 1 bytes @ 0x0
   844  0075                     	ds	1
   845  0076                     ReadBuffer@read_data:	
   846                           
   847                           ; 1 bytes @ 0x1
   848  0076                     	ds	1
   849  0077                     ??_isr:	
   850                           
   851                           ; 0 bytes @ 0x2
   852  0077                     	ds	3
   853                           
   854                           	psect	cstackBANK0
   855  0056                     __pcstackBANK0:	
   856  0056                     ??_WriteBuffer:	
   857  0056                     ??_InitCLK:	
   858                           ; 0 bytes @ 0x0
   859                           
   860  0056                     ??_InitGPIO:	
   861                           ; 0 bytes @ 0x0
   862                           
   863  0056                     ??_InitDAC:	
   864                           ; 0 bytes @ 0x0
   865                           
   866  0056                     ??_InitSPI:	
   867                           ; 0 bytes @ 0x0
   868                           
   869  0056                     ??_InitTimer0:	
   870                           ; 0 bytes @ 0x0
   871                           
   872  0056                     ??_InitWatchdog:	
   873                           ; 0 bytes @ 0x0
   874                           
   875  0056                     ?___bmul:	
   876                           ; 0 bytes @ 0x0
   877                           
   878  0056                     ___bmul@multiplicand:	
   879                           ; 1 bytes @ 0x0
   880                           
   881                           
   882                           ; 1 bytes @ 0x0
   883  0056                     	ds	1
   884  0057                     ??___bmul:	
   885  0057                     WriteBuffer@data:	
   886                           ; 0 bytes @ 0x1
   887                           
   888                           
   889                           ; 1 bytes @ 0x1
   890  0057                     	ds	1
   891  0058                     ___bmul@product:	
   892                           
   893                           ; 1 bytes @ 0x2
   894  0058                     	ds	1
   895  0059                     ___bmul@multiplier:	
   896                           
   897                           ; 1 bytes @ 0x3
   898  0059                     	ds	1
   899  005A                     ?_main:	
   900  005A                     main@argc:	
   901                           ; 2 bytes @ 0x4
   902                           
   903                           
   904                           ; 2 bytes @ 0x4
   905  005A                     	ds	2
   906  005C                     main@argv:	
   907                           
   908                           ; 2 bytes @ 0x6
   909  005C                     	ds	2
   910  005E                     ??_main:	
   911                           
   912                           ; 0 bytes @ 0x8
   913  005E                     	ds	1
   914  005F                     main@x:	
   915                           
   916                           ; 2 bytes @ 0x9
   917  005F                     	ds	2
   918                           
   919                           	psect	maintext
   920  0042                     __pmaintext:	
   921 ;;
   922 ;;Main: autosize = 0, tempsize = 1, incstack = 0, save=0
   923 ;;
   924 ;; *************** function _main *****************
   925 ;; Defined at:
   926 ;;		line 46 in file "beacon_main.c"
   927 ;; Parameters:    Size  Location     Type
   928 ;;  argc            2    4[BANK0 ] int 
   929 ;;  argv            2    6[BANK0 ] PTR PTR unsigned char 
   930 ;; Auto vars:     Size  Location     Type
   931 ;;  x               2    9[BANK0 ] int 
   932 ;; Return value:  Size  Location     Type
   933 ;;                  2    4[BANK0 ] int 
   934 ;; Registers used:
   935 ;;		wreg, fsr1l, fsr1h, status,2, status,0, pclath, cstack
   936 ;; Tracked objects:
   937 ;;		On entry : 17F/0
   938 ;;		On exit  : 0/0
   939 ;;		Unchanged: 0/0
   940 ;; Data sizes:     COMMON   BANK0   BANK1   BANK2   BANK3   BANK4   BANK5
   941 ;;      Params:         0       4       0       0       0       0       0
   942 ;;      Locals:         0       2       0       0       0       0       0
   943 ;;      Temps:          0       1       0       0       0       0       0
   944 ;;      Totals:         0       7       0       0       0       0       0
   945 ;;Total ram usage:        7 bytes
   946 ;; Hardware stack levels required when called:    3
   947 ;; This function calls:
   948 ;;		_InitCLK
   949 ;;		_InitDAC
   950 ;;		_InitGPIO
   951 ;;		_InitSPI
   952 ;;		_InitTimer0
   953 ;;		_InitWatchdog
   954 ;;		_WriteBuffer
   955 ;;		___bmul
   956 ;; This function is called by:
   957 ;;		Startup code after reset
   958 ;; This function uses a non-reentrant model
   959 ;;
   960                           
   961                           
   962                           ;psect for function _main
   963  0042                     _main:	
   964                           
   965                           ;beacon_main.c: 50: InitCLK();
   966                           
   967                           ;incstack = 0
   968                           ; Regs used in _main: [wreg+fsr1l+fsr1h+status,2+status,0+pclath+cstack]
   969  0042  3181  2127  3180   	fcall	_InitCLK
   970                           
   971                           ;beacon_main.c: 51: InitGPIO();
   972  0045  3180  209C  3180   	fcall	_InitGPIO
   973                           
   974                           ;beacon_main.c: 52: InitDAC();
   975  0048  3180  20E6  3180   	fcall	_InitDAC
   976                           
   977                           ;beacon_main.c: 53: InitSPI();
   978  004B  3181  210B  3180   	fcall	_InitSPI
   979                           
   980                           ;beacon_main.c: 54: InitTimer0();
   981  004E  3181  211D  3180   	fcall	_InitTimer0
   982                           
   983                           ;beacon_main.c: 55: InitWatchdog();
   984  0051  3181  212F  3180   	fcall	_InitWatchdog
   985                           
   986                           ;beacon_main.c: 58: PEIE = 1;
   987  0054  170B               	bsf	11,6	;volatile
   988                           
   989                           ;beacon_main.c: 59: GIE = 1;
   990  0055  178B               	bsf	11,7	;volatile
   991                           
   992                           ;beacon_main.c: 61: int x;
   993                           ;beacon_main.c: 62: for(x = 0;x < 51/2; x++)
   994  0056  0020               	movlb	0	; select bank0
   995  0057  01DF               	clrf	main@x
   996  0058  01E0               	clrf	main@x+1
   997  0059  0860               	movf	main@x+1,w
   998  005A  3A80               	xorlw	128
   999  005B  00DE               	movwf	??_main
  1000  005C  3080               	movlw	128
  1001  005D  025E               	subwf	??_main,w
  1002  005E  1D03               	skipz
  1003  005F  2862               	goto	u835
  1004  0060  3019               	movlw	25
  1005  0061  025F               	subwf	main@x,w
  1006  0062                     u835:	
  1007  0062  1803               	btfsc	3,0
  1008  0063  2880               	goto	l1430
  1009  0064                     l1424:	
  1010                           
  1011                           ;beacon_main.c: 63: {
  1012                           ;beacon_main.c: 64: WriteBuffer(x*3);
  1013  0064  3003               	movlw	3
  1014  0065  0020               	movlb	0	; select bank0
  1015  0066  00DE               	movwf	??_main
  1016  0067  085E               	movf	??_main,w
  1017  0068  00D6               	movwf	___bmul@multiplicand
  1018  0069  085F               	movf	main@x,w
  1019  006A  3180  20F9  3180   	fcall	___bmul
  1020  006D  3180  20B9  3180   	fcall	_WriteBuffer
  1021  0070  3001               	movlw	1
  1022  0071  0020               	movlb	0	; select bank0
  1023  0072  07DF               	addwf	main@x,f
  1024  0073  3000               	movlw	0
  1025  0074  3DE0               	addwfc	main@x+1,f
  1026  0075  0860               	movf	main@x+1,w
  1027  0076  3A80               	xorlw	128
  1028  0077  00DE               	movwf	??_main
  1029  0078  3080               	movlw	128
  1030  0079  025E               	subwf	??_main,w
  1031  007A  1D03               	skipz
  1032  007B  287E               	goto	u845
  1033  007C  3019               	movlw	25
  1034  007D  025F               	subwf	main@x,w
  1035  007E                     u845:	
  1036  007E  1C03               	skipc
  1037  007F  2864               	goto	l1424
  1038  0080                     l1430:	
  1039                           
  1040                           ;beacon_main.c: 65: }
  1041                           ;beacon_main.c: 66: for(x = 51/2; x >= 0; x--)
  1042  0080  3019               	movlw	25
  1043  0081  0020               	movlb	0	; select bank0
  1044  0082  00DF               	movwf	main@x
  1045  0083  3000               	movlw	0
  1046  0084  00E0               	movwf	main@x+1
  1047  0085  1BE0               	btfsc	main@x+1,7
  1048  0086  2899               	goto	l214
  1049  0087                     l1436:	
  1050                           
  1051                           ;beacon_main.c: 67: {
  1052                           ;beacon_main.c: 68: WriteBuffer(x*3);
  1053  0087  3003               	movlw	3
  1054  0088  00DE               	movwf	??_main
  1055  0089  085E               	movf	??_main,w
  1056  008A  00D6               	movwf	___bmul@multiplicand
  1057  008B  085F               	movf	main@x,w
  1058  008C  3180  20F9  3180   	fcall	___bmul
  1059  008F  3180  20B9  3180   	fcall	_WriteBuffer
  1060  0092  30FF               	movlw	255
  1061  0093  0020               	movlb	0	; select bank0
  1062  0094  07DF               	addwf	main@x,f
  1063  0095  30FF               	movlw	255
  1064  0096  3DE0               	addwfc	main@x+1,f
  1065  0097  1FE0               	btfss	main@x+1,7
  1066  0098  2887               	goto	l1436
  1067  0099                     l214:	
  1068                           ;beacon_main.c: 69: }
  1069                           ;beacon_main.c: 72: while(1)
  1070                           
  1071                           
  1072                           ;beacon_main.c: 73: {
  1073                           ;beacon_main.c: 74: dacOutputFlag = 1;
  1074  0099  01D5               	clrf	_dacOutputFlag
  1075  009A  0AD5               	incf	_dacOutputFlag,f
  1076  009B  2899               	goto	l214
  1077  009C                     __end_of_main:	
  1078                           ;beacon_main.c: 104: }
  1079                           ;beacon_main.c: 106: return (0);
  1080                           ;	Return value of _main is never used
  1081                           
  1082                           
  1083                           	psect	text1
  1084  00F9                     __ptext1:	
  1085 ;; *************** function ___bmul *****************
  1086 ;; Defined at:
  1087 ;;		line 4 in file "C:\Program Files (x86)\Microchip\xc8\v1.33\sources\common\Umul8.c"
  1088 ;; Parameters:    Size  Location     Type
  1089 ;;  multiplier      1    wreg     unsigned char 
  1090 ;;  multiplicand    1    0[BANK0 ] unsigned char 
  1091 ;; Auto vars:     Size  Location     Type
  1092 ;;  multiplier      1    3[BANK0 ] unsigned char 
  1093 ;;  product         1    2[BANK0 ] unsigned char 
  1094 ;; Return value:  Size  Location     Type
  1095 ;;                  1    wreg      unsigned char 
  1096 ;; Registers used:
  1097 ;;		wreg, status,2, status,0
  1098 ;; Tracked objects:
  1099 ;;		On entry : 0/0
  1100 ;;		On exit  : 0/0
  1101 ;;		Unchanged: 0/0
  1102 ;; Data sizes:     COMMON   BANK0   BANK1   BANK2   BANK3   BANK4   BANK5
  1103 ;;      Params:         0       1       0       0       0       0       0
  1104 ;;      Locals:         0       2       0       0       0       0       0
  1105 ;;      Temps:          0       1       0       0       0       0       0
  1106 ;;      Totals:         0       4       0       0       0       0       0
  1107 ;;Total ram usage:        4 bytes
  1108 ;; Hardware stack levels used:    1
  1109 ;; Hardware stack levels required when called:    2
  1110 ;; This function calls:
  1111 ;;		Nothing
  1112 ;; This function is called by:
  1113 ;;		_main
  1114 ;; This function uses a non-reentrant model
  1115 ;;
  1116                           
  1117                           
  1118                           ;psect for function ___bmul
  1119  00F9                     ___bmul:	
  1120                           
  1121                           ;incstack = 0
  1122                           ; Regs used in ___bmul: [wreg+status,2+status,0]
  1123                           ;___bmul@multiplier stored from wreg
  1124  00F9  0020               	movlb	0	; select bank0
  1125  00FA  00D9               	movwf	___bmul@multiplier
  1126  00FB  01D8               	clrf	___bmul@product
  1127  00FC                     l1348:	
  1128  00FC  1C59               	btfss	___bmul@multiplier,0
  1129  00FD  2902               	goto	l1352
  1130  00FE  0856               	movf	___bmul@multiplicand,w
  1131  00FF  00D7               	movwf	??___bmul
  1132  0100  0857               	movf	??___bmul,w
  1133  0101  07D8               	addwf	___bmul@product,f
  1134  0102                     l1352:	
  1135  0102  1003               	clrc
  1136  0103  0DD6               	rlf	___bmul@multiplicand,f
  1137  0104  1003               	clrc
  1138  0105  0CD9               	rrf	___bmul@multiplier,f
  1139  0106  08D9               	movf	___bmul@multiplier,f
  1140  0107  1D03               	skipz
  1141  0108  28FC               	goto	l1348
  1142  0109  0858               	movf	___bmul@product,w
  1143  010A  0008               	return
  1144  010B                     __end_of___bmul:	
  1145                           
  1146                           	psect	text2
  1147  00B9                     __ptext2:	
  1148 ;; *************** function _WriteBuffer *****************
  1149 ;; Defined at:
  1150 ;;		line 309 in file "beacon_functions.c"
  1151 ;; Parameters:    Size  Location     Type
  1152 ;;  data            1    wreg     unsigned char 
  1153 ;; Auto vars:     Size  Location     Type
  1154 ;;  data            1    1[BANK0 ] unsigned char 
  1155 ;; Return value:  Size  Location     Type
  1156 ;;		None               void
  1157 ;; Registers used:
  1158 ;;		wreg, fsr1l, fsr1h, status,2, status,0
  1159 ;; Tracked objects:
  1160 ;;		On entry : 0/0
  1161 ;;		On exit  : 0/0
  1162 ;;		Unchanged: 0/0
  1163 ;; Data sizes:     COMMON   BANK0   BANK1   BANK2   BANK3   BANK4   BANK5
  1164 ;;      Params:         0       0       0       0       0       0       0
  1165 ;;      Locals:         0       1       0       0       0       0       0
  1166 ;;      Temps:          0       1       0       0       0       0       0
  1167 ;;      Totals:         0       2       0       0       0       0       0
  1168 ;;Total ram usage:        2 bytes
  1169 ;; Hardware stack levels used:    1
  1170 ;; Hardware stack levels required when called:    2
  1171 ;; This function calls:
  1172 ;;		Nothing
  1173 ;; This function is called by:
  1174 ;;		_main
  1175 ;;		_PlaybackMode
  1176 ;; This function uses a non-reentrant model
  1177 ;;
  1178                           
  1179                           
  1180                           ;psect for function _WriteBuffer
  1181  00B9                     _WriteBuffer:	
  1182                           
  1183                           ;incstack = 0
  1184                           ; Regs used in _WriteBuffer: [wreg+fsr1l+fsr1h+status,2+status,0]
  1185                           ;WriteBuffer@data stored from wreg
  1186  00B9  0020               	movlb	0	; select bank0
  1187  00BA  00D7               	movwf	WriteBuffer@data
  1188                           
  1189                           ;beacon_functions.c: 311: buffer[end] = data;
  1190  00BB  0857               	movf	WriteBuffer@data,w
  1191  00BC  00D6               	movwf	??_WriteBuffer
  1192  00BD  0870               	movf	_end,w
  1193  00BE  3E20               	addlw	_buffer& (0+255)
  1194  00BF  0086               	movwf	6
  1195  00C0  0187               	clrf	7
  1196  00C1  0856               	movf	??_WriteBuffer,w
  1197  00C2  0081               	movwf	1
  1198                           
  1199                           ;beacon_functions.c: 313: if (end == 51)
  1200  00C3  3033               	movlw	51
  1201  00C4  0670               	xorwf	_end,w
  1202  00C5  0471               	iorwf	_end+1,w
  1203  00C6  1D03               	skipz
  1204  00C7  28CB               	goto	l1344
  1205                           
  1206                           ;beacon_functions.c: 314: end = 0;
  1207  00C8  01F0               	clrf	_end
  1208  00C9  01F1               	clrf	_end+1
  1209  00CA  0008               	return
  1210  00CB                     l1344:	
  1211                           
  1212                           ;beacon_functions.c: 315: else
  1213                           ;beacon_functions.c: 316: end++;
  1214  00CB  3001               	movlw	1
  1215  00CC  07F0               	addwf	_end,f
  1216  00CD  3000               	movlw	0
  1217  00CE  3DF1               	addwfc	_end+1,f
  1218  00CF  0008               	return
  1219  00D0                     __end_of_WriteBuffer:	
  1220                           
  1221                           	psect	text3
  1222  012F                     __ptext3:	
  1223 ;; *************** function _InitWatchdog *****************
  1224 ;; Defined at:
  1225 ;;		line 103 in file "beacon_functions.c"
  1226 ;; Parameters:    Size  Location     Type
  1227 ;;		None
  1228 ;; Auto vars:     Size  Location     Type
  1229 ;;		None
  1230 ;; Return value:  Size  Location     Type
  1231 ;;		None               void
  1232 ;; Registers used:
  1233 ;;		wreg, status,2, status,0
  1234 ;; Tracked objects:
  1235 ;;		On entry : 0/0
  1236 ;;		On exit  : 0/0
  1237 ;;		Unchanged: 0/0
  1238 ;; Data sizes:     COMMON   BANK0   BANK1   BANK2   BANK3   BANK4   BANK5
  1239 ;;      Params:         0       0       0       0       0       0       0
  1240 ;;      Locals:         0       0       0       0       0       0       0
  1241 ;;      Temps:          0       0       0       0       0       0       0
  1242 ;;      Totals:         0       0       0       0       0       0       0
  1243 ;;Total ram usage:        0 bytes
  1244 ;; Hardware stack levels used:    1
  1245 ;; Hardware stack levels required when called:    2
  1246 ;; This function calls:
  1247 ;;		Nothing
  1248 ;; This function is called by:
  1249 ;;		_main
  1250 ;; This function uses a non-reentrant model
  1251 ;;
  1252                           
  1253                           
  1254                           ;psect for function _InitWatchdog
  1255  012F                     _InitWatchdog:	
  1256                           
  1257                           ;beacon_functions.c: 106: WDTCONbits.WDTPS = 0x0D;
  1258                           
  1259                           ;incstack = 0
  1260                           ; Regs used in _InitWatchdog: [wreg+status,2+status,0]
  1261  012F  0021               	movlb	1	; select bank1
  1262  0130  0817               	movf	23,w	;volatile
  1263  0131  39C1               	andlw	-63
  1264  0132  381A               	iorlw	26
  1265  0133  0097               	movwf	23	;volatile
  1266                           
  1267                           ;beacon_functions.c: 107: WDTCONbits.SWDTEN = 1;
  1268  0134  1417               	bsf	23,0	;volatile
  1269  0135  0008               	return
  1270  0136                     __end_of_InitWatchdog:	
  1271                           
  1272                           	psect	text4
  1273  011D                     __ptext4:	
  1274 ;; *************** function _InitTimer0 *****************
  1275 ;; Defined at:
  1276 ;;		line 91 in file "beacon_functions.c"
  1277 ;; Parameters:    Size  Location     Type
  1278 ;;		None
  1279 ;; Auto vars:     Size  Location     Type
  1280 ;;		None
  1281 ;; Return value:  Size  Location     Type
  1282 ;;		None               void
  1283 ;; Registers used:
  1284 ;;		wreg
  1285 ;; Tracked objects:
  1286 ;;		On entry : 0/0
  1287 ;;		On exit  : 0/0
  1288 ;;		Unchanged: 0/0
  1289 ;; Data sizes:     COMMON   BANK0   BANK1   BANK2   BANK3   BANK4   BANK5
  1290 ;;      Params:         0       0       0       0       0       0       0
  1291 ;;      Locals:         0       0       0       0       0       0       0
  1292 ;;      Temps:          0       0       0       0       0       0       0
  1293 ;;      Totals:         0       0       0       0       0       0       0
  1294 ;;Total ram usage:        0 bytes
  1295 ;; Hardware stack levels used:    1
  1296 ;; Hardware stack levels required when called:    2
  1297 ;; This function calls:
  1298 ;;		Nothing
  1299 ;; This function is called by:
  1300 ;;		_main
  1301 ;; This function uses a non-reentrant model
  1302 ;;
  1303                           
  1304                           
  1305                           ;psect for function _InitTimer0
  1306  011D                     _InitTimer0:	
  1307                           
  1308                           ;beacon_functions.c: 95: TMR0IE = 0;
  1309                           
  1310                           ;incstack = 0
  1311                           ; Regs used in _InitTimer0: [wreg]
  1312  011D  128B               	bcf	11,5	;volatile
  1313                           
  1314                           ;beacon_functions.c: 96: TMR0IF = 0;
  1315  011E  110B               	bcf	11,2	;volatile
  1316                           
  1317                           ;beacon_functions.c: 97: TMR0CS = 0;
  1318  011F  0021               	movlb	1	; select bank1
  1319  0120  1295               	bcf	21,5	;volatile
  1320                           
  1321                           ;beacon_functions.c: 98: PSA = 1;
  1322  0121  1595               	bsf	21,3	;volatile
  1323                           
  1324                           ;beacon_functions.c: 99: TMR0 = (0x48);
  1325  0122  3048               	movlw	72
  1326  0123  0020               	movlb	0	; select bank0
  1327  0124  0095               	movwf	21	;volatile
  1328                           
  1329                           ;beacon_functions.c: 100: TMR0IE = 1;
  1330  0125  168B               	bsf	11,5	;volatile
  1331  0126  0008               	return
  1332  0127                     __end_of_InitTimer0:	
  1333                           
  1334                           	psect	text5
  1335  010B                     __ptext5:	
  1336 ;; *************** function _InitSPI *****************
  1337 ;; Defined at:
  1338 ;;		line 68 in file "beacon_functions.c"
  1339 ;; Parameters:    Size  Location     Type
  1340 ;;		None
  1341 ;; Auto vars:     Size  Location     Type
  1342 ;;		None
  1343 ;; Return value:  Size  Location     Type
  1344 ;;		None               void
  1345 ;; Registers used:
  1346 ;;		wreg, status,2, status,0
  1347 ;; Tracked objects:
  1348 ;;		On entry : 0/0
  1349 ;;		On exit  : 0/0
  1350 ;;		Unchanged: 0/0
  1351 ;; Data sizes:     COMMON   BANK0   BANK1   BANK2   BANK3   BANK4   BANK5
  1352 ;;      Params:         0       0       0       0       0       0       0
  1353 ;;      Locals:         0       0       0       0       0       0       0
  1354 ;;      Temps:          0       0       0       0       0       0       0
  1355 ;;      Totals:         0       0       0       0       0       0       0
  1356 ;;Total ram usage:        0 bytes
  1357 ;; Hardware stack levels used:    1
  1358 ;; Hardware stack levels required when called:    2
  1359 ;; This function calls:
  1360 ;;		Nothing
  1361 ;; This function is called by:
  1362 ;;		_main
  1363 ;; This function uses a non-reentrant model
  1364 ;;
  1365                           
  1366                           
  1367                           ;psect for function _InitSPI
  1368  010B                     _InitSPI:	
  1369                           
  1370                           ;beacon_functions.c: 75: TRISCbits.TRISC2 = 0;
  1371                           
  1372                           ;incstack = 0
  1373                           ; Regs used in _InitSPI: [wreg+status,2+status,0]
  1374  010B  0021               	movlb	1	; select bank1
  1375  010C  110E               	bcf	14,2	;volatile
  1376                           
  1377                           ;beacon_functions.c: 76: TRISCbits.TRISC3 = 0;
  1378  010D  118E               	bcf	14,3	;volatile
  1379                           
  1380                           ;beacon_functions.c: 77: TRISCbits.TRISC4 = 1;
  1381  010E  160E               	bsf	14,4	;volatile
  1382                           
  1383                           ;beacon_functions.c: 78: TRISCbits.TRISC5 = 0;
  1384  010F  128E               	bcf	14,5	;volatile
  1385                           
  1386                           ;beacon_functions.c: 80: LATC2 = 0;
  1387  0110  0022               	movlb	2	; select bank2
  1388  0111  110E               	bcf	14,2	;volatile
  1389                           
  1390                           ;beacon_functions.c: 83: SSPCON1bits.SSPEN=0x00;
  1391  0112  0024               	movlb	4	; select bank4
  1392  0113  1295               	bcf	21,5	;volatile
  1393                           
  1394                           ;beacon_functions.c: 84: SSPCON1bits.SSPM=0x01;
  1395  0114  0815               	movf	21,w	;volatile
  1396  0115  39F0               	andlw	-16
  1397  0116  3801               	iorlw	1
  1398  0117  0095               	movwf	21	;volatile
  1399                           
  1400                           ;beacon_functions.c: 85: SSPCON1bits.CKP=0;
  1401  0118  1215               	bcf	21,4	;volatile
  1402                           
  1403                           ;beacon_functions.c: 86: SSPSTATbits.CKE=1;
  1404  0119  1714               	bsf	20,6	;volatile
  1405                           
  1406                           ;beacon_functions.c: 87: SSPSTATbits.SMP=0;
  1407  011A  1394               	bcf	20,7	;volatile
  1408                           
  1409                           ;beacon_functions.c: 88: SSPCON1bits.SSPEN=0x01;
  1410  011B  1695               	bsf	21,5	;volatile
  1411  011C  0008               	return
  1412  011D                     __end_of_InitSPI:	
  1413                           
  1414                           	psect	text6
  1415  009C                     __ptext6:	
  1416 ;; *************** function _InitGPIO *****************
  1417 ;; Defined at:
  1418 ;;		line 9 in file "beacon_functions.c"
  1419 ;; Parameters:    Size  Location     Type
  1420 ;;		None
  1421 ;; Auto vars:     Size  Location     Type
  1422 ;;		None
  1423 ;; Return value:  Size  Location     Type
  1424 ;;		None               void
  1425 ;; Registers used:
  1426 ;;		status,2
  1427 ;; Tracked objects:
  1428 ;;		On entry : 0/0
  1429 ;;		On exit  : 0/0
  1430 ;;		Unchanged: 0/0
  1431 ;; Data sizes:     COMMON   BANK0   BANK1   BANK2   BANK3   BANK4   BANK5
  1432 ;;      Params:         0       0       0       0       0       0       0
  1433 ;;      Locals:         0       0       0       0       0       0       0
  1434 ;;      Temps:          0       0       0       0       0       0       0
  1435 ;;      Totals:         0       0       0       0       0       0       0
  1436 ;;Total ram usage:        0 bytes
  1437 ;; Hardware stack levels used:    1
  1438 ;; Hardware stack levels required when called:    2
  1439 ;; This function calls:
  1440 ;;		Nothing
  1441 ;; This function is called by:
  1442 ;;		_main
  1443 ;; This function uses a non-reentrant model
  1444 ;;
  1445                           
  1446                           
  1447                           ;psect for function _InitGPIO
  1448  009C                     _InitGPIO:	
  1449                           
  1450                           ;beacon_functions.c: 14: TRISAbits.TRISA3 = 1;
  1451                           
  1452                           ;incstack = 0
  1453                           ; Regs used in _InitGPIO: [status,2]
  1454  009C  0021               	movlb	1	; select bank1
  1455  009D  158C               	bsf	12,3	;volatile
  1456                           
  1457                           ;beacon_functions.c: 16: IOCAPbits.IOCAP3 = 1;
  1458  009E  0027               	movlb	7	; select bank7
  1459  009F  1591               	bsf	17,3	;volatile
  1460                           
  1461                           ;beacon_functions.c: 17: IOCAF = 0x00;
  1462  00A0  0193               	clrf	19	;volatile
  1463                           
  1464                           ;beacon_functions.c: 18: INTCONbits.IOCIE = 1;
  1465  00A1  158B               	bsf	11,3	;volatile
  1466                           
  1467                           ;beacon_functions.c: 21: TRISAbits.TRISA0 = 0;
  1468  00A2  0021               	movlb	1	; select bank1
  1469  00A3  100C               	bcf	12,0	;volatile
  1470                           
  1471                           ;beacon_functions.c: 23: TRISAbits.TRISA2 = 0;
  1472  00A4  110C               	bcf	12,2	;volatile
  1473                           
  1474                           ;beacon_functions.c: 24: TRISAbits.TRISA3 = 1;
  1475  00A5  158C               	bsf	12,3	;volatile
  1476                           
  1477                           ;beacon_functions.c: 25: TRISAbits.TRISA4 = 1;
  1478  00A6  160C               	bsf	12,4	;volatile
  1479                           
  1480                           ;beacon_functions.c: 27: TRISAbits.TRISA6 = 0;
  1481  00A7  130C               	bcf	12,6	;volatile
  1482                           
  1483                           ;beacon_functions.c: 28: TRISAbits.TRISA7 = 0;
  1484  00A8  138C               	bcf	12,7	;volatile
  1485                           
  1486                           ;beacon_functions.c: 31: TRISBbits.TRISB0 = 1;
  1487  00A9  140D               	bsf	13,0	;volatile
  1488                           
  1489                           ;beacon_functions.c: 32: TRISBbits.TRISB1 = 1;
  1490  00AA  148D               	bsf	13,1	;volatile
  1491                           
  1492                           ;beacon_functions.c: 33: TRISBbits.TRISB2 = 1;
  1493  00AB  150D               	bsf	13,2	;volatile
  1494                           
  1495                           ;beacon_functions.c: 34: TRISBbits.TRISB3 = 0;
  1496  00AC  118D               	bcf	13,3	;volatile
  1497                           
  1498                           ;beacon_functions.c: 35: TRISBbits.TRISB4 = 0;
  1499  00AD  120D               	bcf	13,4	;volatile
  1500                           
  1501                           ;beacon_functions.c: 36: TRISBbits.TRISB5 = 0;
  1502  00AE  128D               	bcf	13,5	;volatile
  1503                           
  1504                           ;beacon_functions.c: 37: PORTBbits.RB5 = 0;
  1505  00AF  0020               	movlb	0	; select bank0
  1506  00B0  128D               	bcf	13,5	;volatile
  1507                           
  1508                           ;beacon_functions.c: 40: TRISCbits.TRISC0 = 0;
  1509  00B1  0021               	movlb	1	; select bank1
  1510  00B2  100E               	bcf	14,0	;volatile
  1511                           
  1512                           ;beacon_functions.c: 41: TRISCbits.TRISC1 = 1;
  1513  00B3  148E               	bsf	14,1	;volatile
  1514                           
  1515                           ;beacon_functions.c: 46: TRISCbits.TRISC6 = 0;
  1516  00B4  130E               	bcf	14,6	;volatile
  1517                           
  1518                           ;beacon_functions.c: 47: TRISCbits.TRISC7 = 0;
  1519  00B5  138E               	bcf	14,7	;volatile
  1520                           
  1521                           ;beacon_functions.c: 48: PORTCbits.RC0 = 0;
  1522  00B6  0020               	movlb	0	; select bank0
  1523  00B7  100E               	bcf	14,0	;volatile
  1524  00B8  0008               	return
  1525  00B9                     __end_of_InitGPIO:	
  1526                           
  1527                           	psect	text7
  1528  00E6                     __ptext7:	
  1529 ;; *************** function _InitDAC *****************
  1530 ;; Defined at:
  1531 ;;		line 51 in file "beacon_functions.c"
  1532 ;; Parameters:    Size  Location     Type
  1533 ;;		None
  1534 ;; Auto vars:     Size  Location     Type
  1535 ;;		None
  1536 ;; Return value:  Size  Location     Type
  1537 ;;		None               void
  1538 ;; Registers used:
  1539 ;;		wreg, status,2, status,0
  1540 ;; Tracked objects:
  1541 ;;		On entry : 0/0
  1542 ;;		On exit  : 0/0
  1543 ;;		Unchanged: 0/0
  1544 ;; Data sizes:     COMMON   BANK0   BANK1   BANK2   BANK3   BANK4   BANK5
  1545 ;;      Params:         0       0       0       0       0       0       0
  1546 ;;      Locals:         0       0       0       0       0       0       0
  1547 ;;      Temps:          0       0       0       0       0       0       0
  1548 ;;      Totals:         0       0       0       0       0       0       0
  1549 ;;Total ram usage:        0 bytes
  1550 ;; Hardware stack levels used:    1
  1551 ;; Hardware stack levels required when called:    2
  1552 ;; This function calls:
  1553 ;;		Nothing
  1554 ;; This function is called by:
  1555 ;;		_main
  1556 ;; This function uses a non-reentrant model
  1557 ;;
  1558                           
  1559                           
  1560                           ;psect for function _InitDAC
  1561  00E6                     _InitDAC:	
  1562                           
  1563                           ;beacon_functions.c: 53: TRISAbits.TRISA5 = 1;
  1564                           
  1565                           ;incstack = 0
  1566                           ; Regs used in _InitDAC: [wreg+status,2+status,0]
  1567  00E6  0021               	movlb	1	; select bank1
  1568  00E7  168C               	bsf	12,5	;volatile
  1569                           
  1570                           ;beacon_functions.c: 54: TRISAbits.TRISA1 = 0;
  1571  00E8  108C               	bcf	12,1	;volatile
  1572                           
  1573                           ;beacon_functions.c: 55: OPA1CONbits.OPA1CH = 0x2;
  1574  00E9  002A               	movlb	10	; select bank10
  1575  00EA  0811               	movf	17,w	;volatile
  1576  00EB  39FC               	andlw	-4
  1577  00EC  3802               	iorlw	2
  1578  00ED  0091               	movwf	17	;volatile
  1579                           
  1580                           ;beacon_functions.c: 56: OPA1CONbits.OPA1SP = 1;
  1581  00EE  1711               	bsf	17,6	;volatile
  1582                           
  1583                           ;beacon_functions.c: 57: OPA1CONbits.OPA1EN = 1;
  1584  00EF  1791               	bsf	17,7	;volatile
  1585                           
  1586                           ;beacon_functions.c: 60: DACCON0bits.DACOE1 = 0;
  1587  00F0  0022               	movlb	2	; select bank2
  1588  00F1  1298               	bcf	24,5	;volatile
  1589                           
  1590                           ;beacon_functions.c: 61: DACCON0bits.DACOE2 = 0;
  1591  00F2  1218               	bcf	24,4	;volatile
  1592                           
  1593                           ;beacon_functions.c: 62: DACCON0bits.DACPSS = 0x0;
  1594  00F3  30F3               	movlw	-13
  1595  00F4  0598               	andwf	24,f	;volatile
  1596                           
  1597                           ;beacon_functions.c: 63: DACCON0bits.DACNSS = 0;
  1598  00F5  1018               	bcf	24,0	;volatile
  1599                           
  1600                           ;beacon_functions.c: 64: DACCON0bits.DACEN = 1;
  1601  00F6  1798               	bsf	24,7	;volatile
  1602                           
  1603                           ;beacon_functions.c: 65: DACCON1 = 0x00;
  1604  00F7  0199               	clrf	25	;volatile
  1605  00F8  0008               	return
  1606  00F9                     __end_of_InitDAC:	
  1607                           
  1608                           	psect	text8
  1609  0127                     __ptext8:	
  1610 ;; *************** function _InitCLK *****************
  1611 ;; Defined at:
  1612 ;;		line 4 in file "beacon_functions.c"
  1613 ;; Parameters:    Size  Location     Type
  1614 ;;		None
  1615 ;; Auto vars:     Size  Location     Type
  1616 ;;		None
  1617 ;; Return value:  Size  Location     Type
  1618 ;;		None               void
  1619 ;; Registers used:
  1620 ;;		wreg, status,2, status,0
  1621 ;; Tracked objects:
  1622 ;;		On entry : 0/0
  1623 ;;		On exit  : 0/0
  1624 ;;		Unchanged: 0/0
  1625 ;; Data sizes:     COMMON   BANK0   BANK1   BANK2   BANK3   BANK4   BANK5
  1626 ;;      Params:         0       0       0       0       0       0       0
  1627 ;;      Locals:         0       0       0       0       0       0       0
  1628 ;;      Temps:          0       0       0       0       0       0       0
  1629 ;;      Totals:         0       0       0       0       0       0       0
  1630 ;;Total ram usage:        0 bytes
  1631 ;; Hardware stack levels used:    1
  1632 ;; Hardware stack levels required when called:    2
  1633 ;; This function calls:
  1634 ;;		Nothing
  1635 ;; This function is called by:
  1636 ;;		_main
  1637 ;; This function uses a non-reentrant model
  1638 ;;
  1639                           
  1640                           
  1641                           ;psect for function _InitCLK
  1642  0127                     _InitCLK:	
  1643                           
  1644                           ;beacon_functions.c: 6: OSCCONbits.IRCF = 0xF;
  1645                           
  1646                           ;incstack = 0
  1647                           ; Regs used in _InitCLK: [wreg+status,2+status,0]
  1648  0127  3078               	movlw	120
  1649  0128  0021               	movlb	1	; select bank1
  1650  0129  0499               	iorwf	25,f	;volatile
  1651                           
  1652                           ;beacon_functions.c: 7: OSCCONbits.SCS = 2;
  1653  012A  0819               	movf	25,w	;volatile
  1654  012B  39FC               	andlw	-4
  1655  012C  3802               	iorlw	2
  1656  012D  0099               	movwf	25	;volatile
  1657  012E  0008               	return
  1658  012F                     __end_of_InitCLK:	
  1659                           
  1660                           	psect	intentry
  1661  0004                     __pintentry:	
  1662 ;; *************** function _isr *****************
  1663 ;; Defined at:
  1664 ;;		line 20 in file "beacon_main.c"
  1665 ;; Parameters:    Size  Location     Type
  1666 ;;		None
  1667 ;; Auto vars:     Size  Location     Type
  1668 ;;		None
  1669 ;; Return value:  Size  Location     Type
  1670 ;;		None               void
  1671 ;; Registers used:
  1672 ;;		wreg, fsr1l, fsr1h, status,2, status,0, pclath, cstack
  1673 ;; Tracked objects:
  1674 ;;		On entry : 0/0
  1675 ;;		On exit  : 0/0
  1676 ;;		Unchanged: 0/0
  1677 ;; Data sizes:     COMMON   BANK0   BANK1   BANK2   BANK3   BANK4   BANK5
  1678 ;;      Params:         0       0       0       0       0       0       0
  1679 ;;      Locals:         0       0       0       0       0       0       0
  1680 ;;      Temps:          3       0       0       0       0       0       0
  1681 ;;      Totals:         3       0       0       0       0       0       0
  1682 ;;Total ram usage:        3 bytes
  1683 ;; Hardware stack levels used:    1
  1684 ;; Hardware stack levels required when called:    1
  1685 ;; This function calls:
  1686 ;;		_ReadBuffer
  1687 ;; This function is called by:
  1688 ;;		Interrupt level 1
  1689 ;; This function uses a non-reentrant model
  1690 ;;
  1691                           
  1692  0004                     _isr:	
  1693                           
  1694                           ;incstack = 0
  1695                           ; Regs used in _isr: [wreg+fsr1l+fsr1h+status,2+status,0+pclath+cstack]
  1696  0004  147E               	bsf	126,0	;set compiler interrupt flag
  1697  0005  3180               	pagesel	$
  1698  0006  0020               	movlb	0	; select bank0
  1699  0007  087F               	movf	127,w
  1700  0008  00F9               	movwf	??_isr+2
  1701                           
  1702                           ;beacon_main.c: 23: if(TMR0IF)
  1703  0009  1D0B               	btfss	11,2	;volatile
  1704  000A  2818               	goto	i1l1206
  1705                           
  1706                           ;beacon_main.c: 24: {
  1707                           ;beacon_main.c: 25: if(dacOutputFlag)
  1708  000B  0855               	movf	_dacOutputFlag,w
  1709  000C  1903               	btfsc	3,2
  1710  000D  2814               	goto	i1l1202
  1711                           
  1712                           ;beacon_main.c: 26: {
  1713                           ;beacon_main.c: 29: DACCON1 = ReadBuffer();
  1714  000E  3180  20D0  3180   	fcall	_ReadBuffer
  1715  0011  0022               	movlb	2	; select bank2
  1716  0012  0099               	movwf	25	;volatile
  1717  0013  0020               	movlb	0	; select bank0
  1718  0014                     i1l1202:	
  1719                           
  1720                           ;beacon_main.c: 31: }
  1721                           ;beacon_main.c: 33: TMR0 = (0x48);
  1722  0014  3048               	movlw	72
  1723  0015  0020               	movlb	0	; select bank0
  1724  0016  0095               	movwf	21	;volatile
  1725                           
  1726                           ;beacon_main.c: 34: TMR0IF = 0;
  1727  0017  110B               	bcf	11,2	;volatile
  1728  0018                     i1l1206:	
  1729                           
  1730                           ;beacon_main.c: 35: }
  1731                           ;beacon_main.c: 36: if(INTCONbits.IOCIF)
  1732  0018  1C0B               	btfss	11,0	;volatile
  1733  0019  282B               	goto	i1l207
  1734                           
  1735                           ;beacon_main.c: 37: {
  1736                           ;beacon_main.c: 38: if(IOCAFbits.IOCAF3 && PORTAbits.RA3)
  1737  001A  0027               	movlb	7	; select bank7
  1738  001B  1D93               	btfss	19,3	;volatile
  1739  001C  282B               	goto	i1l207
  1740  001D  0020               	movlb	0	; select bank0
  1741  001E  1D8C               	btfss	12,3	;volatile
  1742  001F  282B               	goto	i1l207
  1743                           
  1744                           ;beacon_main.c: 39: {
  1745                           ;beacon_main.c: 40: playbackFlag = playbackFlag?0:1;
  1746  0020  0854               	movf	_playbackFlag+1,w
  1747  0021  0453               	iorwf	_playbackFlag,w
  1748  0022  3000               	movlw	0
  1749  0023  1903               	skipnz
  1750  0024  3001               	movlw	1
  1751  0025  00F7               	movwf	??_isr
  1752  0026  01F8               	clrf	??_isr+1
  1753  0027  0877               	movf	??_isr,w
  1754  0028  00D3               	movwf	_playbackFlag
  1755  0029  0878               	movf	??_isr+1,w
  1756  002A  00D4               	movwf	_playbackFlag+1
  1757  002B                     i1l207:	
  1758  002B  0879               	movf	??_isr+2,w
  1759  002C  0020               	movlb	0	; select bank0
  1760  002D  00FF               	movwf	127
  1761  002E  107E               	bcf	126,0	;clear compiler interrupt flag
  1762  002F  0009               	retfie
  1763  0030                     __end_of_isr:	
  1764                           
  1765                           	psect	text10
  1766  00D0                     __ptext10:	
  1767 ;; *************** function _ReadBuffer *****************
  1768 ;; Defined at:
  1769 ;;		line 319 in file "beacon_functions.c"
  1770 ;; Parameters:    Size  Location     Type
  1771 ;;		None
  1772 ;; Auto vars:     Size  Location     Type
  1773 ;;  read_data       1    1[COMMON] unsigned char 
  1774 ;; Return value:  Size  Location     Type
  1775 ;;                  1    wreg      unsigned char 
  1776 ;; Registers used:
  1777 ;;		wreg, fsr1l, fsr1h, status,2, status,0
  1778 ;; Tracked objects:
  1779 ;;		On entry : 0/0
  1780 ;;		On exit  : 0/0
  1781 ;;		Unchanged: 0/0
  1782 ;; Data sizes:     COMMON   BANK0   BANK1   BANK2   BANK3   BANK4   BANK5
  1783 ;;      Params:         0       0       0       0       0       0       0
  1784 ;;      Locals:         1       0       0       0       0       0       0
  1785 ;;      Temps:          1       0       0       0       0       0       0
  1786 ;;      Totals:         2       0       0       0       0       0       0
  1787 ;;Total ram usage:        2 bytes
  1788 ;; Hardware stack levels used:    1
  1789 ;; This function calls:
  1790 ;;		Nothing
  1791 ;; This function is called by:
  1792 ;;		_isr
  1793 ;; This function uses a non-reentrant model
  1794 ;;
  1795                           
  1796                           
  1797                           ;psect for function _ReadBuffer
  1798  00D0                     _ReadBuffer:	
  1799                           
  1800                           ;beacon_functions.c: 321: unsigned char read_data;
  1801                           ;beacon_functions.c: 323: read_data = buffer[start];
  1802                           
  1803                           ;incstack = 0
  1804                           ; Regs used in _ReadBuffer: [wreg+fsr1l+fsr1h+status,2+status,0]
  1805  00D0  0872               	movf	_start,w
  1806  00D1  3E20               	addlw	_buffer& (0+255)
  1807  00D2  0086               	movwf	6
  1808  00D3  0187               	clrf	7
  1809  00D4  0801               	movf	1,w
  1810  00D5  00F5               	movwf	??_ReadBuffer
  1811  00D6  0875               	movf	??_ReadBuffer,w
  1812  00D7  00F6               	movwf	ReadBuffer@read_data
  1813                           
  1814                           ;beacon_functions.c: 324: if (start == 51)
  1815  00D8  3033               	movlw	51
  1816  00D9  0672               	xorwf	_start,w
  1817  00DA  0473               	iorwf	_start+1,w
  1818  00DB  1D03               	skipz
  1819  00DC  28E0               	goto	i1l1092
  1820                           
  1821                           ;beacon_functions.c: 325: start = 0;
  1822  00DD  01F2               	clrf	_start
  1823  00DE  01F3               	clrf	_start+1
  1824  00DF  28E4               	goto	i1l145
  1825  00E0                     i1l1092:	
  1826                           
  1827                           ;beacon_functions.c: 326: else
  1828                           ;beacon_functions.c: 327: start++;
  1829  00E0  3001               	movlw	1
  1830  00E1  07F2               	addwf	_start,f
  1831  00E2  3000               	movlw	0
  1832  00E3  3DF3               	addwfc	_start+1,f
  1833  00E4                     i1l145:	
  1834                           
  1835                           ;beacon_functions.c: 328: return read_data;
  1836  00E4  0876               	movf	ReadBuffer@read_data,w
  1837  00E5  0008               	return
  1838  00E6                     __end_of_ReadBuffer:	
  1839  007E                     btemp	set	126	;btemp
  1840  007E                     pic14e$flags	set	126
  1841  007E                     wtemp	set	126
  1842  007E                     wtemp0	set	126
  1843  0080                     wtemp1	set	128
  1844  0082                     wtemp2	set	130
  1845  0084                     wtemp3	set	132
  1846  0086                     wtemp4	set	134
  1847  0088                     wtemp5	set	136
  1848  007F                     wtemp6	set	127
  1849  007E                     ttemp	set	126
  1850  007E                     ttemp0	set	126
  1851  0081                     ttemp1	set	129
  1852  0084                     ttemp2	set	132
  1853  0087                     ttemp3	set	135
  1854  007F                     ttemp4	set	127
  1855  007E                     ltemp	set	126
  1856  007E                     ltemp0	set	126
  1857  0082                     ltemp1	set	130
  1858  0086                     ltemp2	set	134
  1859  0080                     ltemp3	set	128


Data Sizes:
    Strings     0
    Constant    0
    Data        0
    BSS         59
    Persistent  0
    Stack       0

Auto Spaces:
    Space          Size  Autos    Used
    COMMON           14      5      10
    BANK0            80     11      65
    BANK1            80      0       0
    BANK2            80      0       0
    BANK3            80      0       0
    BANK4            80      0       0
    BANK5            80      0       0

Pointer List with Targets:

    None.

Critical Paths under _main in COMMON

    None.

Critical Paths under _isr in COMMON

    _isr->_ReadBuffer

Critical Paths under _main in BANK0

    _main->___bmul

Critical Paths under _isr in BANK0

    None.

Critical Paths under _main in BANK1

    None.

Critical Paths under _isr in BANK1

    None.

Critical Paths under _main in BANK2

    None.

Critical Paths under _isr in BANK2

    None.

Critical Paths under _main in BANK3

    None.

Critical Paths under _isr in BANK3

    None.

Critical Paths under _main in BANK4

    None.

Critical Paths under _isr in BANK4

    None.

Critical Paths under _main in BANK5

    None.

Critical Paths under _isr in BANK5

    None.

Call Graph Tables:

 ---------------------------------------------------------------------------------
 (Depth) Function   	        Calls       Base Space   Used Autos Params    Refs
 ---------------------------------------------------------------------------------
 (0) _main                                                 7     3      4     495
                                              4 BANK0      7     3      4
                            _InitCLK
                            _InitDAC
                           _InitGPIO
                            _InitSPI
                         _InitTimer0
                       _InitWatchdog
                        _WriteBuffer
                             ___bmul
 ---------------------------------------------------------------------------------
 (1) ___bmul                                               4     3      1     266
                                              0 BANK0      4     3      1
 ---------------------------------------------------------------------------------
 (1) _WriteBuffer                                          2     2      0      31
                                              0 BANK0      2     2      0
 ---------------------------------------------------------------------------------
 (1) _InitWatchdog                                         0     0      0       0
 ---------------------------------------------------------------------------------
 (1) _InitTimer0                                           0     0      0       0
 ---------------------------------------------------------------------------------
 (1) _InitSPI                                              0     0      0       0
 ---------------------------------------------------------------------------------
 (1) _InitGPIO                                             0     0      0       0
 ---------------------------------------------------------------------------------
 (1) _InitDAC                                              0     0      0       0
 ---------------------------------------------------------------------------------
 (1) _InitCLK                                              0     0      0       0
 ---------------------------------------------------------------------------------
 Estimated maximum stack depth 1
 ---------------------------------------------------------------------------------
 (Depth) Function   	        Calls       Base Space   Used Autos Params    Refs
 ---------------------------------------------------------------------------------
 (2) _isr                                                  3     3      0      23
                                              2 COMMON     3     3      0
                         _ReadBuffer
 ---------------------------------------------------------------------------------
 (3) _ReadBuffer                                           2     2      0      23
                                              0 COMMON     2     2      0
 ---------------------------------------------------------------------------------
 Estimated maximum stack depth 3
 ---------------------------------------------------------------------------------

 Call Graph Graphs:

 _main (ROOT)
   _InitCLK
   _InitDAC
   _InitGPIO
   _InitSPI
   _InitTimer0
   _InitWatchdog
   _WriteBuffer
   ___bmul

 _isr (ROOT)
   _ReadBuffer

 Address spaces:
Name               Size   Autos  Total    Cost      Usage
BIGRAM             1E0      0       0       0        0.0%
EEDATA             100      0       0       0        0.0%
NULL                 0      0       0       0        0.0%
CODE                 0      0       0       0        0.0%
BITCOMMON            E      0       0       1        0.0%
BITSFR0              0      0       0       1        0.0%
SFR0                 0      0       0       1        0.0%
COMMON               E      5       A       2       71.4%
BITSFR1              0      0       0       2        0.0%
SFR1                 0      0       0       2        0.0%
BITSFR2              0      0       0       3        0.0%
SFR2                 0      0       0       3        0.0%
STACK                0      0       0       3        0.0%
BITBANK0            50      0       0       4        0.0%
BITSFR3              0      0       0       4        0.0%
SFR3                 0      0       0       4        0.0%
BANK0               50      B      41       5       81.3%
BITSFR4              0      0       0       5        0.0%
SFR4                 0      0       0       5        0.0%
BITSFR5              0      0       0       6        0.0%
SFR5                 0      0       0       6        0.0%
ABS                  0      0      4B       6        0.0%
BITBANK1            50      0       0       7        0.0%
BITSFR6              0      0       0       7        0.0%
SFR6                 0      0       0       7        0.0%
BANK1               50      0       0       8        0.0%
BITSFR7              0      0       0       8        0.0%
SFR7                 0      0       0       8        0.0%
BITBANK2            50      0       0       9        0.0%
BITSFR8              0      0       0       9        0.0%
SFR8                 0      0       0       9        0.0%
BANK2               50      0       0      10        0.0%
BITSFR9              0      0       0      10        0.0%
SFR9                 0      0       0      10        0.0%
BITBANK3            50      0       0      11        0.0%
BITSFR10             0      0       0      11        0.0%
SFR10                0      0       0      11        0.0%
BANK3               50      0       0      12        0.0%
BITSFR11             0      0       0      12        0.0%
SFR11                0      0       0      12        0.0%
BITBANK4            50      0       0      13        0.0%
BITSFR12             0      0       0      13        0.0%
SFR12                0      0       0      13        0.0%
BANK4               50      0       0      14        0.0%
BITSFR13             0      0       0      14        0.0%
SFR13                0      0       0      14        0.0%
BITBANK5            50      0       0      15        0.0%
BITSFR14             0      0       0      15        0.0%
SFR14                0      0       0      15        0.0%
BANK5               50      0       0      16        0.0%
BITSFR15             0      0       0      16        0.0%
SFR15                0      0       0      16        0.0%
BITSFR16             0      0       0      17        0.0%
SFR16                0      0       0      17        0.0%
DATA                 0      0      4B      17        0.0%
BITSFR17             0      0       0      18        0.0%
SFR17                0      0       0      18        0.0%
BITSFR18             0      0       0      19        0.0%
SFR18                0      0       0      19        0.0%
BITSFR19             0      0       0      20        0.0%
SFR19                0      0       0      20        0.0%
BITSFR20             0      0       0      21        0.0%
SFR20                0      0       0      21        0.0%
BITSFR21             0      0       0      22        0.0%
SFR21                0      0       0      22        0.0%
BITSFR22             0      0       0      23        0.0%
SFR22                0      0       0      23        0.0%
BITSFR23             0      0       0      24        0.0%
SFR23                0      0       0      24        0.0%
BITSFR24             0      0       0      25        0.0%
SFR24                0      0       0      25        0.0%
BITSFR25             0      0       0      26        0.0%
SFR25                0      0       0      26        0.0%
BITSFR26             0      0       0      27        0.0%
SFR26                0      0       0      27        0.0%
BITSFR27             0      0       0      28        0.0%
SFR27                0      0       0      28        0.0%
BITSFR28             0      0       0      29        0.0%
SFR28                0      0       0      29        0.0%
BITSFR29             0      0       0      30        0.0%
SFR29                0      0       0      30        0.0%
BITSFR30             0      0       0      31        0.0%
SFR30                0      0       0      31        0.0%
BITSFR31             0      0       0      32        0.0%
SFR31                0      0       0      32        0.0%


Microchip Technology PIC Macro Assembler V1.33 build 59893 
Symbol Table                                                                                   Sat Oct 25 18:00:37 2014

         ___bmul@product 0058              _SSPSTATbits 0214     __size_of_WriteBuffer 0017  
            __CFG_LVP$ON 0000                      l214 0099                      _GIE 005F  
                    _PSA 04AB                      u835 0062                      u845 007E  
                    _end 0070                      _isr 0004                      wreg 0009  
                   l1430 0080                     l1344 00CB                     l1352 0102  
                   l1424 0064                     l1348 00FC                     l1436 0087  
                   ?_isr 0075             _transmitFlag 0074                     _PEIE 005E  
                   _TMR0 0015                     _main 0042                     fsr0h 0005  
                   fsr1h 0007                     fsr0l 0004                     indf0 0000  
                   indf1 0001                     fsr1l 0006                     btemp 007E  
                   ltemp 007E                     start 0030                     ttemp 007E  
                   wtemp 007E        ___bmul@multiplier 0059            __CFG_MCLRE$ON 0000  
        __end_of_InitDAC 00F9          __end_of_InitCLK 012F          __end_of_InitSPI 011D  
                  ??_isr 0077            ?_InitWatchdog 0075                    ?_main 005A  
                  _LATC2 0872                    _IOCAF 0393                    i1l207 002B  
                  i1l145 00E4                    _start 0072                    main@x 005F  
         __CFG_BOREN$OFF 0000                    ltemp0 007E                    ltemp1 0082  
                  ltemp2 0086                    ltemp3 0080                    ttemp0 007E  
                  ttemp1 0081                    ttemp2 0084                    ttemp3 0087  
                  ttemp4 007F                    wtemp0 007E                    wtemp1 0080  
                  wtemp2 0082                    wtemp3 0084                    wtemp4 0086  
                  wtemp5 0088                    wtemp6 007F               _ReadBuffer 00D0  
        __initialization 0032               _InitTimer0 011D             __end_of_main 009C  
       __end_of_InitGPIO 00B9           ??_InitWatchdog 0056                   ??_main 005E  
         __CFG_PLLEN$OFF 0000                   i1l1202 0014                   i1l1206 0018  
                 i1l1092 00E0                   _TMR0IE 005D                   _TMR0IF 005A  
                 _TMR0CS 04AD                   _SSPBUF 0211                ??_InitDAC 0056  
              ??_InitCLK 0056                ??_InitSPI 0056                   ___bmul 00F9  
                 _buffer 0020            _dacOutputFlag 0055  __end_of__initialization 003E  
    ___bmul@multiplicand 0056              ?_ReadBuffer 0075              ?_InitTimer0 0075  
         __pcstackCOMMON 0075     __end_of_InitWatchdog 0136               __pbssBANK0 0020  
              ?_InitGPIO 0075               __pmaintext 0042                  ?___bmul 0056  
          ??_WriteBuffer 0056               __pintentry 0004                  _DACCON1 0119  
    __size_of_ReadBuffer 0016      __size_of_InitTimer0 000A               ??_InitGPIO 0056  
                _InitDAC 00E6                  _InitCLK 0127                  _InitSPI 010B  
        __size_of___bmul 0012                  __ptext0 0000                  __ptext1 00F9  
                __ptext2 00B9                  __ptext3 012F                  __ptext4 011D  
                __ptext5 010B                  __ptext6 009C                  __ptext7 00E6  
                __ptext8 0127      __end_of_WriteBuffer 00D0             __size_of_isr 002C  
              _IOCAFbits 0393                _IOCAPbits 0391                  clrloop0 0137  
   end_of_initialization 003E          WriteBuffer@data 0057                _PORTAbits 000C  
              _PORTBbits 000D                _PORTCbits 000E         __CFG_FOSC$INTOSC 0000  
  __size_of_InitWatchdog 0007                _TRISAbits 008C                _TRISBbits 008D  
              _TRISCbits 008E              _DACCON0bits 0118             ??_ReadBuffer 0075  
           ??_InitTimer0 0056           __end_of___bmul 010B              _WriteBuffer 00B9  
           _InitWatchdog 012F      start_initialization 0032              __end_of_isr 0030  
     __end_of_ReadBuffer 00E6       __end_of_InitTimer0 0127        __size_of_InitGPIO 001D  
               ??___bmul 0057              __pbssCOMMON 0070                ___latbits 0001  
          __pcstackBANK0 0056                 ?_InitDAC 0075                 ?_InitCLK 0075  
               ?_InitSPI 0075         __CFG_WDTE$SWDTEN 0000                clear_ram0 0136  
               _PIR1bits 0011              _OPA1CONbits 0511                 _InitGPIO 009C  
       __size_of_InitDAC 0013         __size_of_InitCLK 0008         __size_of_InitSPI 0012  
           _playbackFlag 0053             ?_WriteBuffer 0075      ReadBuffer@read_data 0076  
               __ptext10 00D0            __size_of_main 005A                 main@argc 005A  
               main@argv 005C               _INTCONbits 000B              pic14e$flags 007E  
               intlevel1 0000        __CFG_CLKOUTEN$OFF 0000               _OSCCONbits 0099  
            _SSPCON1bits 0215               _WDTCONbits 0097  
